Build started 26-06-2014 20:07:27.
     1>Project "C:\Users\JuanPablo\Documents\GitHub\ruteo\Plugins\Ejemplo\modeller.vcxproj" on node 2 (build target(s)).
     1>InitializeBuildStatus:
         Touching ".\Debug/modeller/obj\modeller.unsuccessfulbuild".
       ClCompile:
         All outputs are up-to-date.
       ManifestResourceCompile:
         All outputs are up-to-date.
     1>C:\Program Files (x86)\MSBuild\Microsoft.Cpp\v4.0\Microsoft.CppBuild.targets(990,5): warning MSB8012: TargetPath(C:\Users\JuanPablo\Documents\GitHub\ruteo\Plugins\Ejemplo\.\Debug/modeller/bin\modeller.dll) does not match the Linker's OutputFile property value (C:\Users\JuanPablo\Documents\GitHub\ruteo\Plugins\Ejemplo\base.dll). This may cause your project to build incorrectly. To correct this, please make sure that $(OutDir), $(TargetName) and $(TargetExt) property values match the value specified in %(Link.OutputFile).
     1>C:\Program Files (x86)\MSBuild\Microsoft.Cpp\v4.0\Microsoft.CppBuild.targets(992,5): warning MSB8012: TargetName(modeller) does not match the Linker's OutputFile property value (base). This may cause your project to build incorrectly. To correct this, please make sure that $(OutDir), $(TargetName) and $(TargetExt) property values match the value specified in %(Link.OutputFile).
       Link:
         c:\Program Files (x86)\Microsoft Visual Studio 10.0\VC\bin\link.exe /ERRORREPORT:PROMPT /OUT:"base.dll" /INCREMENTAL /NOLOGO /LIBPATH:..\..\bin\win32\opt /LIBPATH:..\..\lib /LIBPATH:..\..\bin\win32 simcore.lib modeller.lib odbc32.lib odbccp32.lib kernel32.lib user32.lib gdi32.lib winspool.lib comdlg32.lib advapi32.lib shell32.lib ole32.lib oleaut32.lib uuid.lib odbc32.lib odbccp32.lib /MANIFEST /ManifestFile:".\Debug/modeller/obj\modeller.dll.intermediate.manifest" /MANIFESTUAC:"level='asInvoker' uiAccess='false'" /DEBUG /PDB:".\Debug/modeller/bin/base.pdb" /TLBID:1 /DYNAMICBASE /NXCOMPAT /IMPLIB:".\Debug/modeller/bin/base.lib" /MACHINE:X86 /DLL .\Debug/modeller/obj\modeller.dll.embed.manifest.res
         .\Debug/modeller/obj/collector.obj
     1>LINK : fatal error LNK1104: cannot open file 'simcore.lib'
     1>Done Building Project "C:\Users\JuanPablo\Documents\GitHub\ruteo\Plugins\Ejemplo\modeller.vcxproj" (build target(s)) -- FAILED.

Build FAILED.

Time Elapsed 00:00:00.12
